<?xml version="1.0" encoding="UTF-8"?>
<testsuite xmlns:xsi="http://www.w3.org/2001/XMLSchema-instance" xsi:noNamespaceSchemaLocation="https://maven.apache.org/surefire/maven-failsafe-plugin/xsd/failsafe-test-report-3.0.xsd" version="3.0" name="co.sqasa.runners.DatepickerTestRunner" time="15.708" tests="3" errors="0" skipped="0" failures="0">
  <properties>
    <property name="java.specification.version" value="23"/>
    <property name="webdriver.chrome.driver" value="auto"/>
    <property name="sun.cpu.isalist" value="amd64"/>
    <property name="sun.jnu.encoding" value="Cp1252"/>
    <property name="java.class.path" value="C:\xampp\htdocs\Prueba_tecnicaSqa\target\test-classes;C:\xampp\htdocs\Prueba_tecnicaSqa\target\datepicker-automation-1.0.0.jar;C:\Users\VIRTUALIDAD\.m2\repository\net\serenity-bdd\serenity-core\4.0.28\serenity-core-4.0.28.jar;C:\Users\VIRTUALIDAD\.m2\repository\net\serenity-bdd\serenity-model\4.0.28\serenity-model-4.0.28.jar;C:\Users\VIRTUALIDAD\.m2\repository\org\apache\commons\commons-text\1.11.0\commons-text-1.11.0.jar;C:\Users\VIRTUALIDAD\.m2\repository\commons-net\commons-net\3.10.0\commons-net-3.10.0.jar;C:\Users\VIRTUALIDAD\.m2\repository\com\google\guava\guava\32.1.3-jre\guava-32.1.3-jre.jar;C:\Users\VIRTUALIDAD\.m2\repository\com\google\guava\failureaccess\1.0.1\failureaccess-1.0.1.jar;C:\Users\VIRTUALIDAD\.m2\repository\com\google\guava\listenablefuture\9999.0-empty-to-avoid-conflict-with-guava\listenablefuture-9999.0-empty-to-avoid-conflict-with-guava.jar;C:\Users\VIRTUALIDAD\.m2\repository\com\google\code\findbugs\jsr305\3.0.2\jsr305-3.0.2.jar;C:\Users\VIRTUALIDAD\.m2\repository\org\checkerframework\checker-qual\3.37.0\checker-qual-3.37.0.jar;C:\Users\VIRTUALIDAD\.m2\repository\com\google\errorprone\error_prone_annotations\2.21.1\error_prone_annotations-2.21.1.jar;C:\Users\VIRTUALIDAD\.m2\repository\com\google\j2objc\j2objc-annotations\2.8\j2objc-annotations-2.8.jar;C:\Users\VIRTUALIDAD\.m2\repository\org\jsoup\jsoup\1.15.4\jsoup-1.15.4.jar;C:\Users\VIRTUALIDAD\.m2\repository\com\thoughtworks\xstream\xstream\1.4.20\xstream-1.4.20.jar;C:\Users\VIRTUALIDAD\.m2\repository\io\github\x-stream\mxparser\1.2.2\mxparser-1.2.2.jar;C:\Users\VIRTUALIDAD\.m2\repository\xmlpull\xmlpull\1.1.3.1\xmlpull-1.1.3.1.jar;C:\Users\VIRTUALIDAD\.m2\repository\com\typesafe\config\1.4.3\config-1.4.3.jar;C:\Users\VIRTUALIDAD\.m2\repository\org\imgscalr\imgscalr-lib\4.2\imgscalr-lib-4.2.jar;C:\Users\VIRTUALIDAD\.m2\repository\org\awaitility\awaitility\4.2.0\awaitility-4.2.0.jar;C:\Users\VIRTUALIDAD\.m2\repository\org\freemarker\freemarker\2.3.32\freemarker-2.3.32.jar;C:\Users\VIRTUALIDAD\.m2\repository\io\github\classgraph\classgraph\4.8.157\classgraph-4.8.157.jar;C:\Users\VIRTUALIDAD\.m2\repository\com\github\ben-manes\caffeine\caffeine\2.9.2\caffeine-2.9.2.jar;C:\Users\VIRTUALIDAD\.m2\repository\org\ehcache\ehcache\3.10.8\ehcache-3.10.8.jar;C:\Users\VIRTUALIDAD\.m2\repository\javax\cache\cache-api\1.1.0\cache-api-1.1.0.jar;C:\Users\VIRTUALIDAD\.m2\repository\net\sourceforge\jexcelapi\jxl\2.6.12\jxl-2.6.12.jar;C:\Users\VIRTUALIDAD\.m2\repository\net\bytebuddy\byte-buddy\1.14.10\byte-buddy-1.14.10.jar;C:\Users\VIRTUALIDAD\.m2\repository\net\bytebuddy\byte-buddy-agent\1.14.10\byte-buddy-agent-1.14.10.jar;C:\Users\VIRTUALIDAD\.m2\repository\org\objenesis\objenesis\3.3\objenesis-3.3.jar;C:\Users\VIRTUALIDAD\.m2\repository\com\vladsch\flexmark\flexmark-all\0.64.8\flexmark-all-0.64.8.jar;C:\Users\VIRTUALIDAD\.m2\repository\com\vladsch\flexmark\flexmark\0.64.8\flexmark-0.64.8.jar;C:\Users\VIRTUALIDAD\.m2\repository\com\vladsch\flexmark\flexmark-ext-abbreviation\0.64.8\flexmark-ext-abbreviation-0.64.8.jar;C:\Users\VIRTUALIDAD\.m2\repository\com\vladsch\flexmark\flexmark-ext-admonition\0.64.8\flexmark-ext-admonition-0.64.8.jar;C:\Users\VIRTUALIDAD\.m2\repository\com\vladsch\flexmark\flexmark-ext-anchorlink\0.64.8\flexmark-ext-anchorlink-0.64.8.jar;C:\Users\VIRTUALIDAD\.m2\repository\com\vladsch\flexmark\flexmark-ext-aside\0.64.8\flexmark-ext-aside-0.64.8.jar;C:\Users\VIRTUALIDAD\.m2\repository\com\vladsch\flexmark\flexmark-ext-attributes\0.64.8\flexmark-ext-attributes-0.64.8.jar;C:\Users\VIRTUALIDAD\.m2\repository\com\vladsch\flexmark\flexmark-ext-autolink\0.64.8\flexmark-ext-autolink-0.64.8.jar;C:\Users\VIRTUALIDAD\.m2\repository\org\nibor\autolink\autolink\0.6.0\autolink-0.6.0.jar;C:\Users\VIRTUALIDAD\.m2\repository\com\vladsch\flexmark\flexmark-ext-definition\0.64.8\flexmark-ext-definition-0.64.8.jar;C:\Users\VIRTUALIDAD\.m2\repository\com\vladsch\flexmark\flexmark-ext-emoji\0.64.8\flexmark-ext-emoji-0.64.8.jar;C:\Users\VIRTUALIDAD\.m2\repository\com\vladsch\flexmark\flexmark-ext-enumerated-reference\0.64.8\flexmark-ext-enumerated-reference-0.64.8.jar;C:\Users\VIRTUALIDAD\.m2\repository\com\vladsch\flexmark\flexmark-ext-escaped-character\0.64.8\flexmark-ext-escaped-character-0.64.8.jar;C:\Users\VIRTUALIDAD\.m2\repository\com\vladsch\flexmark\flexmark-ext-footnotes\0.64.8\flexmark-ext-footnotes-0.64.8.jar;C:\Users\VIRTUALIDAD\.m2\repository\com\vladsch\flexmark\flexmark-ext-gfm-issues\0.64.8\flexmark-ext-gfm-issues-0.64.8.jar;C:\Users\VIRTUALIDAD\.m2\repository\com\vladsch\flexmark\flexmark-ext-gfm-strikethrough\0.64.8\flexmark-ext-gfm-strikethrough-0.64.8.jar;C:\Users\VIRTUALIDAD\.m2\repository\com\vladsch\flexmark\flexmark-ext-gfm-tasklist\0.64.8\flexmark-ext-gfm-tasklist-0.64.8.jar;C:\Users\VIRTUALIDAD\.m2\repository\com\vladsch\flexmark\flexmark-ext-gfm-users\0.64.8\flexmark-ext-gfm-users-0.64.8.jar;C:\Users\VIRTUALIDAD\.m2\repository\com\vladsch\flexmark\flexmark-ext-gitlab\0.64.8\flexmark-ext-gitlab-0.64.8.jar;C:\Users\VIRTUALIDAD\.m2\repository\com\vladsch\flexmark\flexmark-ext-jekyll-front-matter\0.64.8\flexmark-ext-jekyll-front-matter-0.64.8.jar;C:\Users\VIRTUALIDAD\.m2\repository\com\vladsch\flexmark\flexmark-ext-jekyll-tag\0.64.8\flexmark-ext-jekyll-tag-0.64.8.jar;C:\Users\VIRTUALIDAD\.m2\repository\com\vladsch\flexmark\flexmark-ext-media-tags\0.64.8\flexmark-ext-media-tags-0.64.8.jar;C:\Users\VIRTUALIDAD\.m2\repository\com\vladsch\flexmark\flexmark-ext-macros\0.64.8\flexmark-ext-macros-0.64.8.jar;C:\Users\VIRTUALIDAD\.m2\repository\com\vladsch\flexmark\flexmark-ext-ins\0.64.8\flexmark-ext-ins-0.64.8.jar;C:\Users\VIRTUALIDAD\.m2\repository\com\vladsch\flexmark\flexmark-ext-xwiki-macros\0.64.8\flexmark-ext-xwiki-macros-0.64.8.jar;C:\Users\VIRTUALIDAD\.m2\repository\com\vladsch\flexmark\flexmark-ext-superscript\0.64.8\flexmark-ext-superscript-0.64.8.jar;C:\Users\VIRTUALIDAD\.m2\repository\com\vladsch\flexmark\flexmark-ext-toc\0.64.8\flexmark-ext-toc-0.64.8.jar;C:\Users\VIRTUALIDAD\.m2\repository\com\vladsch\flexmark\flexmark-ext-typographic\0.64.8\flexmark-ext-typographic-0.64.8.jar;C:\Users\VIRTUALIDAD\.m2\repository\com\vladsch\flexmark\flexmark-ext-wikilink\0.64.8\flexmark-ext-wikilink-0.64.8.jar;C:\Users\VIRTUALIDAD\.m2\repository\com\vladsch\flexmark\flexmark-ext-yaml-front-matter\0.64.8\flexmark-ext-yaml-front-matter-0.64.8.jar;C:\Users\VIRTUALIDAD\.m2\repository\com\vladsch\flexmark\flexmark-ext-youtube-embedded\0.64.8\flexmark-ext-youtube-embedded-0.64.8.jar;C:\Users\VIRTUALIDAD\.m2\repository\com\vladsch\flexmark\flexmark-html2md-converter\0.64.8\flexmark-html2md-converter-0.64.8.jar;C:\Users\VIRTUALIDAD\.m2\repository\com\vladsch\flexmark\flexmark-jira-converter\0.64.8\flexmark-jira-converter-0.64.8.jar;C:\Users\VIRTUALIDAD\.m2\repository\com\vladsch\flexmark\flexmark-pdf-converter\0.64.8\flexmark-pdf-converter-0.64.8.jar;C:\Users\VIRTUALIDAD\.m2\repository\com\openhtmltopdf\openhtmltopdf-core\1.0.10\openhtmltopdf-core-1.0.10.jar;C:\Users\VIRTUALIDAD\.m2\repository\com\openhtmltopdf\openhtmltopdf-pdfbox\1.0.10\openhtmltopdf-pdfbox-1.0.10.jar;C:\Users\VIRTUALIDAD\.m2\repository\org\apache\pdfbox\pdfbox\2.0.24\pdfbox-2.0.24.jar;C:\Users\VIRTUALIDAD\.m2\repository\org\apache\pdfbox\fontbox\2.0.24\fontbox-2.0.24.jar;C:\Users\VIRTUALIDAD\.m2\repository\org\apache\pdfbox\xmpbox\2.0.24\xmpbox-2.0.24.jar;C:\Users\VIRTUALIDAD\.m2\repository\de\rototor\pdfbox\graphics2d\0.32\graphics2d-0.32.jar;C:\Users\VIRTUALIDAD\.m2\repository\com\openhtmltopdf\openhtmltopdf-rtl-support\1.0.10\openhtmltopdf-rtl-support-1.0.10.jar;C:\Users\VIRTUALIDAD\.m2\repository\com\vladsch\flexmark\flexmark-profile-pegdown\0.64.8\flexmark-profile-pegdown-0.64.8.jar;C:\Users\VIRTUALIDAD\.m2\repository\com\vladsch\flexmark\flexmark-util-ast\0.64.8\flexmark-util-ast-0.64.8.jar;C:\Users\VIRTUALIDAD\.m2\repository\org\jetbrains\annotations\24.0.1\annotations-24.0.1.jar;C:\Users\VIRTUALIDAD\.m2\repository\com\vladsch\flexmark\flexmark-util-builder\0.64.8\flexmark-util-builder-0.64.8.jar;C:\Users\VIRTUALIDAD\.m2\repository\com\vladsch\flexmark\flexmark-util-collection\0.64.8\flexmark-util-collection-0.64.8.jar;C:\Users\VIRTUALIDAD\.m2\repository\com\vladsch\flexmark\flexmark-util-data\0.64.8\flexmark-util-data-0.64.8.jar;C:\Users\VIRTUALIDAD\.m2\repository\com\vladsch\flexmark\flexmark-util-dependency\0.64.8\flexmark-util-dependency-0.64.8.jar;C:\Users\VIRTUALIDAD\.m2\repository\com\vladsch\flexmark\flexmark-util-format\0.64.8\flexmark-util-format-0.64.8.jar;C:\Users\VIRTUALIDAD\.m2\repository\com\vladsch\flexmark\flexmark-util-html\0.64.8\flexmark-util-html-0.64.8.jar;C:\Users\VIRTUALIDAD\.m2\repository\com\vladsch\flexmark\flexmark-util-misc\0.64.8\flexmark-util-misc-0.64.8.jar;C:\Users\VIRTUALIDAD\.m2\repository\com\vladsch\flexmark\flexmark-util-options\0.64.8\flexmark-util-options-0.64.8.jar;C:\Users\VIRTUALIDAD\.m2\repository\com\vladsch\flexmark\flexmark-util-sequence\0.64.8\flexmark-util-sequence-0.64.8.jar;C:\Users\VIRTUALIDAD\.m2\repository\com\vladsch\flexmark\flexmark-util-visitor\0.64.8\flexmark-util-visitor-0.64.8.jar;C:\Users\VIRTUALIDAD\.m2\repository\com\vladsch\flexmark\flexmark-youtrack-converter\0.64.8\flexmark-youtrack-converter-0.64.8.jar;C:\Users\VIRTUALIDAD\.m2\repository\com\vladsch\flexmark\flexmark-ext-resizable-image\0.64.8\flexmark-ext-resizable-image-0.64.8.jar;C:\Users\VIRTUALIDAD\.m2\repository\com\vladsch\flexmark\flexmark-ext-tables\0.64.8\flexmark-ext-tables-0.64.8.jar;C:\Users\VIRTUALIDAD\.m2\repository\com\vladsch\flexmark\flexmark-util\0.64.8\flexmark-util-0.64.8.jar;C:\Users\VIRTUALIDAD\.m2\repository\net\serenity-bdd\serenity-reports\4.0.28\serenity-reports-4.0.28.jar;C:\Users\VIRTUALIDAD\.m2\repository\net\serenity-bdd\serenity-stats\4.0.28\serenity-stats-4.0.28.jar;C:\Users\VIRTUALIDAD\.m2\repository\org\jetbrains\kotlin\kotlin-stdlib\1.9.0\kotlin-stdlib-1.9.0.jar;C:\Users\VIRTUALIDAD\.m2\repository\org\jetbrains\kotlin\kotlin-stdlib-common\1.9.0\kotlin-stdlib-common-1.9.0.jar;C:\Users\VIRTUALIDAD\.m2\repository\net\serenity-bdd\serenity-reports-configuration\4.0.28\serenity-reports-configuration-4.0.28.jar;C:\Users\VIRTUALIDAD\.m2\repository\com\ibm\icu\icu4j\72.1\icu4j-72.1.jar;C:\Users\VIRTUALIDAD\.m2\repository\es\nitaur\markdown\txtmark\0.16\txtmark-0.16.jar;C:\Users\VIRTUALIDAD\.m2\repository\net\serenity-bdd\serenity-report-resources\4.0.28\serenity-report-resources-4.0.28.jar;C:\Users\VIRTUALIDAD\.m2\repository\com\google\code\gson\gson\2.10.1\gson-2.10.1.jar;C:\Users\VIRTUALIDAD\.m2\repository\com\fasterxml\jackson\core\jackson-core\2.16.0\jackson-core-2.16.0.jar;C:\Users\VIRTUALIDAD\.m2\repository\com\fasterxml\jackson\core\jackson-databind\2.16.0\jackson-databind-2.16.0.jar;C:\Users\VIRTUALIDAD\.m2\repository\com\fasterxml\jackson\core\jackson-annotations\2.16.0\jackson-annotations-2.16.0.jar;C:\Users\VIRTUALIDAD\.m2\repository\commons-codec\commons-codec\1.16.0\commons-codec-1.16.0.jar;C:\Users\VIRTUALIDAD\.m2\repository\commons-io\commons-io\2.15.1\commons-io-2.15.1.jar;C:\Users\VIRTUALIDAD\.m2\repository\org\apache\httpcomponents\httpclient\4.5.13\httpclient-4.5.13.jar;C:\Users\VIRTUALIDAD\.m2\repository\org\apache\httpcomponents\httpcore\4.4.13\httpcore-4.4.13.jar;C:\Users\VIRTUALIDAD\.m2\repository\commons-logging\commons-logging\1.2\commons-logging-1.2.jar;C:\Users\VIRTUALIDAD\.m2\repository\org\seleniumhq\selenium\selenium-api\4.15.0\selenium-api-4.15.0.jar;C:\Users\VIRTUALIDAD\.m2\repository\org\seleniumhq\selenium\selenium-support\4.15.0\selenium-support-4.15.0.jar;C:\Users\VIRTUALIDAD\.m2\repository\com\google\auto\service\auto-service-annotations\1.1.1\auto-service-annotations-1.1.1.jar;C:\Users\VIRTUALIDAD\.m2\repository\org\seleniumhq\selenium\selenium-json\4.15.0\selenium-json-4.15.0.jar;C:\Users\VIRTUALIDAD\.m2\repository\org\seleniumhq\selenium\selenium-chrome-driver\4.15.0\selenium-chrome-driver-4.15.0.jar;C:\Users\VIRTUALIDAD\.m2\repository\org\seleniumhq\selenium\selenium-chromium-driver\4.15.0\selenium-chromium-driver-4.15.0.jar;C:\Users\VIRTUALIDAD\.m2\repository\org\seleniumhq\selenium\selenium-manager\4.15.0\selenium-manager-4.15.0.jar;C:\Users\VIRTUALIDAD\.m2\repository\org\seleniumhq\selenium\selenium-firefox-driver\4.15.0\selenium-firefox-driver-4.15.0.jar;C:\Users\VIRTUALIDAD\.m2\repository\org\seleniumhq\selenium\selenium-http\4.15.0\selenium-http-4.15.0.jar;C:\Users\VIRTUALIDAD\.m2\repository\dev\failsafe\failsafe\3.3.2\failsafe-3.3.2.jar;C:\Users\VIRTUALIDAD\.m2\repository\org\seleniumhq\selenium\selenium-edge-driver\4.15.0\selenium-edge-driver-4.15.0.jar;C:\Users\VIRTUALIDAD\.m2\repository\org\seleniumhq\selenium\selenium-ie-driver\4.15.0\selenium-ie-driver-4.15.0.jar;C:\Users\VIRTUALIDAD\.m2\repository\org\htmlunit\htmlunit\3.9.0\htmlunit-3.9.0.jar;C:\Users\VIRTUALIDAD\.m2\repository\org\apache\httpcomponents\httpmime\4.5.14\httpmime-4.5.14.jar;C:\Users\VIRTUALIDAD\.m2\repository\org\htmlunit\htmlunit-core-js\3.9.0\htmlunit-core-js-3.9.0.jar;C:\Users\VIRTUALIDAD\.m2\repository\org\htmlunit\neko-htmlunit\3.9.0\neko-htmlunit-3.9.0.jar;C:\Users\VIRTUALIDAD\.m2\repository\org\htmlunit\htmlunit-cssparser\3.9.0\htmlunit-cssparser-3.9.0.jar;C:\Users\VIRTUALIDAD\.m2\repository\org\htmlunit\htmlunit-xpath\3.9.0\htmlunit-xpath-3.9.0.jar;C:\Users\VIRTUALIDAD\.m2\repository\org\htmlunit\htmlunit-csp\3.9.0\htmlunit-csp-3.9.0.jar;C:\Users\VIRTUALIDAD\.m2\repository\org\eclipse\jetty\websocket\websocket-client\9.4.53.v20231009\websocket-client-9.4.53.v20231009.jar;C:\Users\VIRTUALIDAD\.m2\repository\org\eclipse\jetty\jetty-client\9.4.53.v20231009\jetty-client-9.4.53.v20231009.jar;C:\Users\VIRTUALIDAD\.m2\repository\org\eclipse\jetty\jetty-http\9.4.53.v20231009\jetty-http-9.4.53.v20231009.jar;C:\Users\VIRTUALIDAD\.m2\repository\org\eclipse\jetty\jetty-util\9.4.53.v20231009\jetty-util-9.4.53.v20231009.jar;C:\Users\VIRTUALIDAD\.m2\repository\org\eclipse\jetty\jetty-io\9.4.53.v20231009\jetty-io-9.4.53.v20231009.jar;C:\Users\VIRTUALIDAD\.m2\repository\org\eclipse\jetty\websocket\websocket-common\9.4.53.v20231009\websocket-common-9.4.53.v20231009.jar;C:\Users\VIRTUALIDAD\.m2\repository\org\eclipse\jetty\websocket\websocket-api\9.4.53.v20231009\websocket-api-9.4.53.v20231009.jar;C:\Users\VIRTUALIDAD\.m2\repository\org\seleniumhq\selenium\htmlunit3-driver\4.15.0\htmlunit3-driver-4.15.0.jar;C:\Users\VIRTUALIDAD\.m2\repository\io\appium\java-client\9.0.0\java-client-9.0.0.jar;C:\Users\VIRTUALIDAD\.m2\repository\org\apache\groovy\groovy\4.0.13\groovy-4.0.13.jar;C:\Users\VIRTUALIDAD\.m2\repository\net\sf\opencsv\opencsv\2.1\opencsv-2.1.jar;C:\Users\VIRTUALIDAD\.m2\repository\org\apache\commons\commons-lang3\3.14.0\commons-lang3-3.14.0.jar;C:\Users\VIRTUALIDAD\.m2\repository\org\apache\commons\commons-compress\1.25.0\commons-compress-1.25.0.jar;C:\Users\VIRTUALIDAD\.m2\repository\org\fluentlenium\fluentlenium-core\0.10.2\fluentlenium-core-0.10.2.jar;C:\Users\VIRTUALIDAD\.m2\repository\com\jhlabs\filters\2.0.235\filters-2.0.235.jar;C:\Users\VIRTUALIDAD\.m2\repository\com\paulhammant\ngwebdriver\1.1.6\ngwebdriver-1.1.6.jar;C:\Users\VIRTUALIDAD\.m2\repository\joda-time\joda-time\2.12.5\joda-time-2.12.5.jar;C:\Users\VIRTUALIDAD\.m2\repository\org\hamcrest\hamcrest\2.2\hamcrest-2.2.jar;C:\Users\VIRTUALIDAD\.m2\repository\com\google\jimfs\jimfs\1.3.0\jimfs-1.3.0.jar;C:\Users\VIRTUALIDAD\.m2\repository\org\mockito\mockito-core\3.3.3\mockito-core-3.3.3.jar;C:\Users\VIRTUALIDAD\.m2\repository\org\assertj\assertj-core\3.24.2\assertj-core-3.24.2.jar;C:\Users\VIRTUALIDAD\.m2\repository\javax\xml\bind\jaxb-api\2.3.1\jaxb-api-2.3.1.jar;C:\Users\VIRTUALIDAD\.m2\repository\javax\activation\javax.activation-api\1.2.0\javax.activation-api-1.2.0.jar;C:\Users\VIRTUALIDAD\.m2\repository\com\sun\xml\bind\jaxb-core\2.3.0.1\jaxb-core-2.3.0.1.jar;C:\Users\VIRTUALIDAD\.m2\repository\com\sun\xml\bind\jaxb-impl\2.3.3\jaxb-impl-2.3.3.jar;C:\Users\VIRTUALIDAD\.m2\repository\jakarta\xml\bind\jakarta.xml.bind-api\2.3.3\jakarta.xml.bind-api-2.3.3.jar;C:\Users\VIRTUALIDAD\.m2\repository\com\sun\activation\jakarta.activation\1.2.2\jakarta.activation-1.2.2.jar;C:\Users\VIRTUALIDAD\.m2\repository\javax\activation\activation\1.1.1\activation-1.1.1.jar;C:\Users\VIRTUALIDAD\.m2\repository\net\serenity-bdd\serenity-screenplay\4.0.28\serenity-screenplay-4.0.28.jar;C:\Users\VIRTUALIDAD\.m2\repository\net\serenity-bdd\serenity-screenplay-webdriver\4.0.28\serenity-screenplay-webdriver-4.0.28.jar;C:\Users\VIRTUALIDAD\.m2\repository\net\serenity-bdd\serenity-cucumber\4.0.28\serenity-cucumber-4.0.28.jar;C:\Users\VIRTUALIDAD\.m2\repository\io\cucumber\cucumber-core\7.14.0\cucumber-core-7.14.0.jar;C:\Users\VIRTUALIDAD\.m2\repository\io\cucumber\cucumber-gherkin\7.14.0\cucumber-gherkin-7.14.0.jar;C:\Users\VIRTUALIDAD\.m2\repository\io\cucumber\cucumber-gherkin-messages\7.14.0\cucumber-gherkin-messages-7.14.0.jar;C:\Users\VIRTUALIDAD\.m2\repository\io\cucumber\gherkin\26.2.0\gherkin-26.2.0.jar;C:\Users\VIRTUALIDAD\.m2\repository\io\cucumber\messages\22.0.0\messages-22.0.0.jar;C:\Users\VIRTUALIDAD\.m2\repository\io\cucumber\tag-expressions\5.0.6\tag-expressions-5.0.6.jar;C:\Users\VIRTUALIDAD\.m2\repository\io\cucumber\cucumber-expressions\16.1.2\cucumber-expressions-16.1.2.jar;C:\Users\VIRTUALIDAD\.m2\repository\io\cucumber\datatable\7.14.0\datatable-7.14.0.jar;C:\Users\VIRTUALIDAD\.m2\repository\io\cucumber\cucumber-plugin\7.14.0\cucumber-plugin-7.14.0.jar;C:\Users\VIRTUALIDAD\.m2\repository\io\cucumber\docstring\7.14.0\docstring-7.14.0.jar;C:\Users\VIRTUALIDAD\.m2\repository\io\cucumber\html-formatter\20.4.0\html-formatter-20.4.0.jar;C:\Users\VIRTUALIDAD\.m2\repository\io\cucumber\junit-xml-formatter\0.2.0\junit-xml-formatter-0.2.0.jar;C:\Users\VIRTUALIDAD\.m2\repository\io\cucumber\ci-environment\9.2.0\ci-environment-9.2.0.jar;C:\Users\VIRTUALIDAD\.m2\repository\org\apache\commons\commons-csv\1.5\commons-csv-1.5.jar;C:\Users\VIRTUALIDAD\.m2\repository\junit\junit\4.13.2\junit-4.13.2.jar;C:\Users\VIRTUALIDAD\.m2\repository\org\hamcrest\hamcrest-core\1.3\hamcrest-core-1.3.jar;C:\Users\VIRTUALIDAD\.m2\repository\io\cucumber\cucumber-java\7.14.0\cucumber-java-7.14.0.jar;C:\Users\VIRTUALIDAD\.m2\repository\org\apiguardian\apiguardian-api\1.1.2\apiguardian-api-1.1.2.jar;C:\Users\VIRTUALIDAD\.m2\repository\io\cucumber\cucumber-junit\7.14.0\cucumber-junit-7.14.0.jar;C:\Users\VIRTUALIDAD\.m2\repository\io\github\bonigarcia\webdrivermanager\5.5.3\webdrivermanager-5.5.3.jar;C:\Users\VIRTUALIDAD\.m2\repository\org\slf4j\slf4j-api\2.0.7\slf4j-api-2.0.7.jar;C:\Users\VIRTUALIDAD\.m2\repository\com\github\docker-java\docker-java\3.3.3\docker-java-3.3.3.jar;C:\Users\VIRTUALIDAD\.m2\repository\com\github\docker-java\docker-java-core\3.3.3\docker-java-core-3.3.3.jar;C:\Users\VIRTUALIDAD\.m2\repository\com\github\docker-java\docker-java-api\3.3.3\docker-java-api-3.3.3.jar;C:\Users\VIRTUALIDAD\.m2\repository\org\bouncycastle\bcpkix-jdk18on\1.75\bcpkix-jdk18on-1.75.jar;C:\Users\VIRTUALIDAD\.m2\repository\org\bouncycastle\bcprov-jdk18on\1.75\bcprov-jdk18on-1.75.jar;C:\Users\VIRTUALIDAD\.m2\repository\org\bouncycastle\bcutil-jdk18on\1.75\bcutil-jdk18on-1.75.jar;C:\Users\VIRTUALIDAD\.m2\repository\org\slf4j\jcl-over-slf4j\1.7.30\jcl-over-slf4j-1.7.30.jar;C:\Users\VIRTUALIDAD\.m2\repository\com\github\docker-java\docker-java-transport-httpclient5\3.3.3\docker-java-transport-httpclient5-3.3.3.jar;C:\Users\VIRTUALIDAD\.m2\repository\com\github\docker-java\docker-java-transport\3.3.3\docker-java-transport-3.3.3.jar;C:\Users\VIRTUALIDAD\.m2\repository\net\java\dev\jna\jna\5.12.1\jna-5.12.1.jar;C:\Users\VIRTUALIDAD\.m2\repository\org\brotli\dec\0.1.2\dec-0.1.2.jar;C:\Users\VIRTUALIDAD\.m2\repository\org\apache\httpcomponents\client5\httpclient5\5.2.1\httpclient5-5.2.1.jar;C:\Users\VIRTUALIDAD\.m2\repository\org\apache\httpcomponents\core5\httpcore5\5.2\httpcore5-5.2.jar;C:\Users\VIRTUALIDAD\.m2\repository\org\apache\httpcomponents\core5\httpcore5-h2\5.2\httpcore5-h2-5.2.jar;C:\Users\VIRTUALIDAD\.m2\repository\org\seleniumhq\selenium\selenium-java\4.15.0\selenium-java-4.15.0.jar;C:\Users\VIRTUALIDAD\.m2\repository\org\seleniumhq\selenium\selenium-devtools-v117\4.15.0\selenium-devtools-v117-4.15.0.jar;C:\Users\VIRTUALIDAD\.m2\repository\org\seleniumhq\selenium\selenium-devtools-v118\4.15.0\selenium-devtools-v118-4.15.0.jar;C:\Users\VIRTUALIDAD\.m2\repository\org\seleniumhq\selenium\selenium-devtools-v119\4.15.0\selenium-devtools-v119-4.15.0.jar;C:\Users\VIRTUALIDAD\.m2\repository\org\seleniumhq\selenium\selenium-devtools-v85\4.15.0\selenium-devtools-v85-4.15.0.jar;C:\Users\VIRTUALIDAD\.m2\repository\org\seleniumhq\selenium\selenium-remote-driver\4.15.0\selenium-remote-driver-4.15.0.jar;C:\Users\VIRTUALIDAD\.m2\repository\io\opentelemetry\opentelemetry-api\1.28.0\opentelemetry-api-1.28.0.jar;C:\Users\VIRTUALIDAD\.m2\repository\io\opentelemetry\opentelemetry-context\1.28.0\opentelemetry-context-1.28.0.jar;C:\Users\VIRTUALIDAD\.m2\repository\io\opentelemetry\opentelemetry-exporter-logging\1.28.0\opentelemetry-exporter-logging-1.28.0.jar;C:\Users\VIRTUALIDAD\.m2\repository\io\opentelemetry\opentelemetry-sdk-metrics\1.28.0\opentelemetry-sdk-metrics-1.28.0.jar;C:\Users\VIRTUALIDAD\.m2\repository\io\opentelemetry\opentelemetry-extension-incubator\1.28.0-alpha\opentelemetry-extension-incubator-1.28.0-alpha.jar;C:\Users\VIRTUALIDAD\.m2\repository\io\opentelemetry\opentelemetry-sdk-logs\1.28.0\opentelemetry-sdk-logs-1.28.0.jar;C:\Users\VIRTUALIDAD\.m2\repository\io\opentelemetry\opentelemetry-sdk-common\1.28.0\opentelemetry-sdk-common-1.28.0.jar;C:\Users\VIRTUALIDAD\.m2\repository\io\opentelemetry\opentelemetry-sdk-extension-autoconfigure-spi\1.28.0\opentelemetry-sdk-extension-autoconfigure-spi-1.28.0.jar;C:\Users\VIRTUALIDAD\.m2\repository\io\opentelemetry\opentelemetry-sdk-extension-autoconfigure\1.28.0\opentelemetry-sdk-extension-autoconfigure-1.28.0.jar;C:\Users\VIRTUALIDAD\.m2\repository\io\opentelemetry\opentelemetry-api-events\1.28.0-alpha\opentelemetry-api-events-1.28.0-alpha.jar;C:\Users\VIRTUALIDAD\.m2\repository\io\opentelemetry\opentelemetry-sdk-trace\1.28.0\opentelemetry-sdk-trace-1.28.0.jar;C:\Users\VIRTUALIDAD\.m2\repository\io\opentelemetry\opentelemetry-sdk\1.28.0\opentelemetry-sdk-1.28.0.jar;C:\Users\VIRTUALIDAD\.m2\repository\io\opentelemetry\opentelemetry-semconv\1.28.0-alpha\opentelemetry-semconv-1.28.0-alpha.jar;C:\Users\VIRTUALIDAD\.m2\repository\org\seleniumhq\selenium\selenium-os\4.15.0\selenium-os-4.15.0.jar;C:\Users\VIRTUALIDAD\.m2\repository\org\apache\commons\commons-exec\1.3\commons-exec-1.3.jar;C:\Users\VIRTUALIDAD\.m2\repository\org\seleniumhq\selenium\selenium-safari-driver\4.15.0\selenium-safari-driver-4.15.0.jar;C:\Users\VIRTUALIDAD\.m2\repository\ch\qos\logback\logback-classic\1.4.11\logback-classic-1.4.11.jar;C:\Users\VIRTUALIDAD\.m2\repository\ch\qos\logback\logback-core\1.4.11\logback-core-1.4.11.jar;"/>
    <property name="java.vm.vendor" value="Oracle Corporation"/>
    <property name="sun.arch.data.model" value="64"/>
    <property name="user.variant" value=""/>
    <property name="java.vendor.url" value="https://java.oracle.com/"/>
    <property name="user.timezone" value="America/Bogota"/>
    <property name="os.name" value="Windows 10"/>
    <property name="java.vm.specification.version" value="23"/>
    <property name="sun.java.launcher" value="SUN_STANDARD"/>
    <property name="user.country" value="CO"/>
    <property name="sun.boot.library.path" value="C:\Program Files\Java\jdk-23\bin"/>
    <property name="sun.java.command" value="C:\Users\VIRTUALIDAD\AppData\Local\Temp\surefire10055646441606574831\surefirebooter-20251001135839032_3.jar C:\Users\VIRTUALIDAD\AppData\Local\Temp\surefire10055646441606574831 2025-10-01T13-58-38_734-jvmRun1 surefire-20251001135839032_1tmp surefire_0-20251001135839032_2tmp"/>
    <property name="webdriver.driver" value="chrome"/>
    <property name="jdk.debug" value="release"/>
    <property name="surefire.test.class.path" value="C:\xampp\htdocs\Prueba_tecnicaSqa\target\test-classes;C:\xampp\htdocs\Prueba_tecnicaSqa\target\datepicker-automation-1.0.0.jar;C:\Users\VIRTUALIDAD\.m2\repository\net\serenity-bdd\serenity-core\4.0.28\serenity-core-4.0.28.jar;C:\Users\VIRTUALIDAD\.m2\repository\net\serenity-bdd\serenity-model\4.0.28\serenity-model-4.0.28.jar;C:\Users\VIRTUALIDAD\.m2\repository\org\apache\commons\commons-text\1.11.0\commons-text-1.11.0.jar;C:\Users\VIRTUALIDAD\.m2\repository\commons-net\commons-net\3.10.0\commons-net-3.10.0.jar;C:\Users\VIRTUALIDAD\.m2\repository\com\google\guava\guava\32.1.3-jre\guava-32.1.3-jre.jar;C:\Users\VIRTUALIDAD\.m2\repository\com\google\guava\failureaccess\1.0.1\failureaccess-1.0.1.jar;C:\Users\VIRTUALIDAD\.m2\repository\com\google\guava\listenablefuture\9999.0-empty-to-avoid-conflict-with-guava\listenablefuture-9999.0-empty-to-avoid-conflict-with-guava.jar;C:\Users\VIRTUALIDAD\.m2\repository\com\google\code\findbugs\jsr305\3.0.2\jsr305-3.0.2.jar;C:\Users\VIRTUALIDAD\.m2\repository\org\checkerframework\checker-qual\3.37.0\checker-qual-3.37.0.jar;C:\Users\VIRTUALIDAD\.m2\repository\com\google\errorprone\error_prone_annotations\2.21.1\error_prone_annotations-2.21.1.jar;C:\Users\VIRTUALIDAD\.m2\repository\com\google\j2objc\j2objc-annotations\2.8\j2objc-annotations-2.8.jar;C:\Users\VIRTUALIDAD\.m2\repository\org\jsoup\jsoup\1.15.4\jsoup-1.15.4.jar;C:\Users\VIRTUALIDAD\.m2\repository\com\thoughtworks\xstream\xstream\1.4.20\xstream-1.4.20.jar;C:\Users\VIRTUALIDAD\.m2\repository\io\github\x-stream\mxparser\1.2.2\mxparser-1.2.2.jar;C:\Users\VIRTUALIDAD\.m2\repository\xmlpull\xmlpull\1.1.3.1\xmlpull-1.1.3.1.jar;C:\Users\VIRTUALIDAD\.m2\repository\com\typesafe\config\1.4.3\config-1.4.3.jar;C:\Users\VIRTUALIDAD\.m2\repository\org\imgscalr\imgscalr-lib\4.2\imgscalr-lib-4.2.jar;C:\Users\VIRTUALIDAD\.m2\repository\org\awaitility\awaitility\4.2.0\awaitility-4.2.0.jar;C:\Users\VIRTUALIDAD\.m2\repository\org\freemarker\freemarker\2.3.32\freemarker-2.3.32.jar;C:\Users\VIRTUALIDAD\.m2\repository\io\github\classgraph\classgraph\4.8.157\classgraph-4.8.157.jar;C:\Users\VIRTUALIDAD\.m2\repository\com\github\ben-manes\caffeine\caffeine\2.9.2\caffeine-2.9.2.jar;C:\Users\VIRTUALIDAD\.m2\repository\org\ehcache\ehcache\3.10.8\ehcache-3.10.8.jar;C:\Users\VIRTUALIDAD\.m2\repository\javax\cache\cache-api\1.1.0\cache-api-1.1.0.jar;C:\Users\VIRTUALIDAD\.m2\repository\net\sourceforge\jexcelapi\jxl\2.6.12\jxl-2.6.12.jar;C:\Users\VIRTUALIDAD\.m2\repository\net\bytebuddy\byte-buddy\1.14.10\byte-buddy-1.14.10.jar;C:\Users\VIRTUALIDAD\.m2\repository\net\bytebuddy\byte-buddy-agent\1.14.10\byte-buddy-agent-1.14.10.jar;C:\Users\VIRTUALIDAD\.m2\repository\org\objenesis\objenesis\3.3\objenesis-3.3.jar;C:\Users\VIRTUALIDAD\.m2\repository\com\vladsch\flexmark\flexmark-all\0.64.8\flexmark-all-0.64.8.jar;C:\Users\VIRTUALIDAD\.m2\repository\com\vladsch\flexmark\flexmark\0.64.8\flexmark-0.64.8.jar;C:\Users\VIRTUALIDAD\.m2\repository\com\vladsch\flexmark\flexmark-ext-abbreviation\0.64.8\flexmark-ext-abbreviation-0.64.8.jar;C:\Users\VIRTUALIDAD\.m2\repository\com\vladsch\flexmark\flexmark-ext-admonition\0.64.8\flexmark-ext-admonition-0.64.8.jar;C:\Users\VIRTUALIDAD\.m2\repository\com\vladsch\flexmark\flexmark-ext-anchorlink\0.64.8\flexmark-ext-anchorlink-0.64.8.jar;C:\Users\VIRTUALIDAD\.m2\repository\com\vladsch\flexmark\flexmark-ext-aside\0.64.8\flexmark-ext-aside-0.64.8.jar;C:\Users\VIRTUALIDAD\.m2\repository\com\vladsch\flexmark\flexmark-ext-attributes\0.64.8\flexmark-ext-attributes-0.64.8.jar;C:\Users\VIRTUALIDAD\.m2\repository\com\vladsch\flexmark\flexmark-ext-autolink\0.64.8\flexmark-ext-autolink-0.64.8.jar;C:\Users\VIRTUALIDAD\.m2\repository\org\nibor\autolink\autolink\0.6.0\autolink-0.6.0.jar;C:\Users\VIRTUALIDAD\.m2\repository\com\vladsch\flexmark\flexmark-ext-definition\0.64.8\flexmark-ext-definition-0.64.8.jar;C:\Users\VIRTUALIDAD\.m2\repository\com\vladsch\flexmark\flexmark-ext-emoji\0.64.8\flexmark-ext-emoji-0.64.8.jar;C:\Users\VIRTUALIDAD\.m2\repository\com\vladsch\flexmark\flexmark-ext-enumerated-reference\0.64.8\flexmark-ext-enumerated-reference-0.64.8.jar;C:\Users\VIRTUALIDAD\.m2\repository\com\vladsch\flexmark\flexmark-ext-escaped-character\0.64.8\flexmark-ext-escaped-character-0.64.8.jar;C:\Users\VIRTUALIDAD\.m2\repository\com\vladsch\flexmark\flexmark-ext-footnotes\0.64.8\flexmark-ext-footnotes-0.64.8.jar;C:\Users\VIRTUALIDAD\.m2\repository\com\vladsch\flexmark\flexmark-ext-gfm-issues\0.64.8\flexmark-ext-gfm-issues-0.64.8.jar;C:\Users\VIRTUALIDAD\.m2\repository\com\vladsch\flexmark\flexmark-ext-gfm-strikethrough\0.64.8\flexmark-ext-gfm-strikethrough-0.64.8.jar;C:\Users\VIRTUALIDAD\.m2\repository\com\vladsch\flexmark\flexmark-ext-gfm-tasklist\0.64.8\flexmark-ext-gfm-tasklist-0.64.8.jar;C:\Users\VIRTUALIDAD\.m2\repository\com\vladsch\flexmark\flexmark-ext-gfm-users\0.64.8\flexmark-ext-gfm-users-0.64.8.jar;C:\Users\VIRTUALIDAD\.m2\repository\com\vladsch\flexmark\flexmark-ext-gitlab\0.64.8\flexmark-ext-gitlab-0.64.8.jar;C:\Users\VIRTUALIDAD\.m2\repository\com\vladsch\flexmark\flexmark-ext-jekyll-front-matter\0.64.8\flexmark-ext-jekyll-front-matter-0.64.8.jar;C:\Users\VIRTUALIDAD\.m2\repository\com\vladsch\flexmark\flexmark-ext-jekyll-tag\0.64.8\flexmark-ext-jekyll-tag-0.64.8.jar;C:\Users\VIRTUALIDAD\.m2\repository\com\vladsch\flexmark\flexmark-ext-media-tags\0.64.8\flexmark-ext-media-tags-0.64.8.jar;C:\Users\VIRTUALIDAD\.m2\repository\com\vladsch\flexmark\flexmark-ext-macros\0.64.8\flexmark-ext-macros-0.64.8.jar;C:\Users\VIRTUALIDAD\.m2\repository\com\vladsch\flexmark\flexmark-ext-ins\0.64.8\flexmark-ext-ins-0.64.8.jar;C:\Users\VIRTUALIDAD\.m2\repository\com\vladsch\flexmark\flexmark-ext-xwiki-macros\0.64.8\flexmark-ext-xwiki-macros-0.64.8.jar;C:\Users\VIRTUALIDAD\.m2\repository\com\vladsch\flexmark\flexmark-ext-superscript\0.64.8\flexmark-ext-superscript-0.64.8.jar;C:\Users\VIRTUALIDAD\.m2\repository\com\vladsch\flexmark\flexmark-ext-toc\0.64.8\flexmark-ext-toc-0.64.8.jar;C:\Users\VIRTUALIDAD\.m2\repository\com\vladsch\flexmark\flexmark-ext-typographic\0.64.8\flexmark-ext-typographic-0.64.8.jar;C:\Users\VIRTUALIDAD\.m2\repository\com\vladsch\flexmark\flexmark-ext-wikilink\0.64.8\flexmark-ext-wikilink-0.64.8.jar;C:\Users\VIRTUALIDAD\.m2\repository\com\vladsch\flexmark\flexmark-ext-yaml-front-matter\0.64.8\flexmark-ext-yaml-front-matter-0.64.8.jar;C:\Users\VIRTUALIDAD\.m2\repository\com\vladsch\flexmark\flexmark-ext-youtube-embedded\0.64.8\flexmark-ext-youtube-embedded-0.64.8.jar;C:\Users\VIRTUALIDAD\.m2\repository\com\vladsch\flexmark\flexmark-html2md-converter\0.64.8\flexmark-html2md-converter-0.64.8.jar;C:\Users\VIRTUALIDAD\.m2\repository\com\vladsch\flexmark\flexmark-jira-converter\0.64.8\flexmark-jira-converter-0.64.8.jar;C:\Users\VIRTUALIDAD\.m2\repository\com\vladsch\flexmark\flexmark-pdf-converter\0.64.8\flexmark-pdf-converter-0.64.8.jar;C:\Users\VIRTUALIDAD\.m2\repository\com\openhtmltopdf\openhtmltopdf-core\1.0.10\openhtmltopdf-core-1.0.10.jar;C:\Users\VIRTUALIDAD\.m2\repository\com\openhtmltopdf\openhtmltopdf-pdfbox\1.0.10\openhtmltopdf-pdfbox-1.0.10.jar;C:\Users\VIRTUALIDAD\.m2\repository\org\apache\pdfbox\pdfbox\2.0.24\pdfbox-2.0.24.jar;C:\Users\VIRTUALIDAD\.m2\repository\org\apache\pdfbox\fontbox\2.0.24\fontbox-2.0.24.jar;C:\Users\VIRTUALIDAD\.m2\repository\org\apache\pdfbox\xmpbox\2.0.24\xmpbox-2.0.24.jar;C:\Users\VIRTUALIDAD\.m2\repository\de\rototor\pdfbox\graphics2d\0.32\graphics2d-0.32.jar;C:\Users\VIRTUALIDAD\.m2\repository\com\openhtmltopdf\openhtmltopdf-rtl-support\1.0.10\openhtmltopdf-rtl-support-1.0.10.jar;C:\Users\VIRTUALIDAD\.m2\repository\com\vladsch\flexmark\flexmark-profile-pegdown\0.64.8\flexmark-profile-pegdown-0.64.8.jar;C:\Users\VIRTUALIDAD\.m2\repository\com\vladsch\flexmark\flexmark-util-ast\0.64.8\flexmark-util-ast-0.64.8.jar;C:\Users\VIRTUALIDAD\.m2\repository\org\jetbrains\annotations\24.0.1\annotations-24.0.1.jar;C:\Users\VIRTUALIDAD\.m2\repository\com\vladsch\flexmark\flexmark-util-builder\0.64.8\flexmark-util-builder-0.64.8.jar;C:\Users\VIRTUALIDAD\.m2\repository\com\vladsch\flexmark\flexmark-util-collection\0.64.8\flexmark-util-collection-0.64.8.jar;C:\Users\VIRTUALIDAD\.m2\repository\com\vladsch\flexmark\flexmark-util-data\0.64.8\flexmark-util-data-0.64.8.jar;C:\Users\VIRTUALIDAD\.m2\repository\com\vladsch\flexmark\flexmark-util-dependency\0.64.8\flexmark-util-dependency-0.64.8.jar;C:\Users\VIRTUALIDAD\.m2\repository\com\vladsch\flexmark\flexmark-util-format\0.64.8\flexmark-util-format-0.64.8.jar;C:\Users\VIRTUALIDAD\.m2\repository\com\vladsch\flexmark\flexmark-util-html\0.64.8\flexmark-util-html-0.64.8.jar;C:\Users\VIRTUALIDAD\.m2\repository\com\vladsch\flexmark\flexmark-util-misc\0.64.8\flexmark-util-misc-0.64.8.jar;C:\Users\VIRTUALIDAD\.m2\repository\com\vladsch\flexmark\flexmark-util-options\0.64.8\flexmark-util-options-0.64.8.jar;C:\Users\VIRTUALIDAD\.m2\repository\com\vladsch\flexmark\flexmark-util-sequence\0.64.8\flexmark-util-sequence-0.64.8.jar;C:\Users\VIRTUALIDAD\.m2\repository\com\vladsch\flexmark\flexmark-util-visitor\0.64.8\flexmark-util-visitor-0.64.8.jar;C:\Users\VIRTUALIDAD\.m2\repository\com\vladsch\flexmark\flexmark-youtrack-converter\0.64.8\flexmark-youtrack-converter-0.64.8.jar;C:\Users\VIRTUALIDAD\.m2\repository\com\vladsch\flexmark\flexmark-ext-resizable-image\0.64.8\flexmark-ext-resizable-image-0.64.8.jar;C:\Users\VIRTUALIDAD\.m2\repository\com\vladsch\flexmark\flexmark-ext-tables\0.64.8\flexmark-ext-tables-0.64.8.jar;C:\Users\VIRTUALIDAD\.m2\repository\com\vladsch\flexmark\flexmark-util\0.64.8\flexmark-util-0.64.8.jar;C:\Users\VIRTUALIDAD\.m2\repository\net\serenity-bdd\serenity-reports\4.0.28\serenity-reports-4.0.28.jar;C:\Users\VIRTUALIDAD\.m2\repository\net\serenity-bdd\serenity-stats\4.0.28\serenity-stats-4.0.28.jar;C:\Users\VIRTUALIDAD\.m2\repository\org\jetbrains\kotlin\kotlin-stdlib\1.9.0\kotlin-stdlib-1.9.0.jar;C:\Users\VIRTUALIDAD\.m2\repository\org\jetbrains\kotlin\kotlin-stdlib-common\1.9.0\kotlin-stdlib-common-1.9.0.jar;C:\Users\VIRTUALIDAD\.m2\repository\net\serenity-bdd\serenity-reports-configuration\4.0.28\serenity-reports-configuration-4.0.28.jar;C:\Users\VIRTUALIDAD\.m2\repository\com\ibm\icu\icu4j\72.1\icu4j-72.1.jar;C:\Users\VIRTUALIDAD\.m2\repository\es\nitaur\markdown\txtmark\0.16\txtmark-0.16.jar;C:\Users\VIRTUALIDAD\.m2\repository\net\serenity-bdd\serenity-report-resources\4.0.28\serenity-report-resources-4.0.28.jar;C:\Users\VIRTUALIDAD\.m2\repository\com\google\code\gson\gson\2.10.1\gson-2.10.1.jar;C:\Users\VIRTUALIDAD\.m2\repository\com\fasterxml\jackson\core\jackson-core\2.16.0\jackson-core-2.16.0.jar;C:\Users\VIRTUALIDAD\.m2\repository\com\fasterxml\jackson\core\jackson-databind\2.16.0\jackson-databind-2.16.0.jar;C:\Users\VIRTUALIDAD\.m2\repository\com\fasterxml\jackson\core\jackson-annotations\2.16.0\jackson-annotations-2.16.0.jar;C:\Users\VIRTUALIDAD\.m2\repository\commons-codec\commons-codec\1.16.0\commons-codec-1.16.0.jar;C:\Users\VIRTUALIDAD\.m2\repository\commons-io\commons-io\2.15.1\commons-io-2.15.1.jar;C:\Users\VIRTUALIDAD\.m2\repository\org\apache\httpcomponents\httpclient\4.5.13\httpclient-4.5.13.jar;C:\Users\VIRTUALIDAD\.m2\repository\org\apache\httpcomponents\httpcore\4.4.13\httpcore-4.4.13.jar;C:\Users\VIRTUALIDAD\.m2\repository\commons-logging\commons-logging\1.2\commons-logging-1.2.jar;C:\Users\VIRTUALIDAD\.m2\repository\org\seleniumhq\selenium\selenium-api\4.15.0\selenium-api-4.15.0.jar;C:\Users\VIRTUALIDAD\.m2\repository\org\seleniumhq\selenium\selenium-support\4.15.0\selenium-support-4.15.0.jar;C:\Users\VIRTUALIDAD\.m2\repository\com\google\auto\service\auto-service-annotations\1.1.1\auto-service-annotations-1.1.1.jar;C:\Users\VIRTUALIDAD\.m2\repository\org\seleniumhq\selenium\selenium-json\4.15.0\selenium-json-4.15.0.jar;C:\Users\VIRTUALIDAD\.m2\repository\org\seleniumhq\selenium\selenium-chrome-driver\4.15.0\selenium-chrome-driver-4.15.0.jar;C:\Users\VIRTUALIDAD\.m2\repository\org\seleniumhq\selenium\selenium-chromium-driver\4.15.0\selenium-chromium-driver-4.15.0.jar;C:\Users\VIRTUALIDAD\.m2\repository\org\seleniumhq\selenium\selenium-manager\4.15.0\selenium-manager-4.15.0.jar;C:\Users\VIRTUALIDAD\.m2\repository\org\seleniumhq\selenium\selenium-firefox-driver\4.15.0\selenium-firefox-driver-4.15.0.jar;C:\Users\VIRTUALIDAD\.m2\repository\org\seleniumhq\selenium\selenium-http\4.15.0\selenium-http-4.15.0.jar;C:\Users\VIRTUALIDAD\.m2\repository\dev\failsafe\failsafe\3.3.2\failsafe-3.3.2.jar;C:\Users\VIRTUALIDAD\.m2\repository\org\seleniumhq\selenium\selenium-edge-driver\4.15.0\selenium-edge-driver-4.15.0.jar;C:\Users\VIRTUALIDAD\.m2\repository\org\seleniumhq\selenium\selenium-ie-driver\4.15.0\selenium-ie-driver-4.15.0.jar;C:\Users\VIRTUALIDAD\.m2\repository\org\htmlunit\htmlunit\3.9.0\htmlunit-3.9.0.jar;C:\Users\VIRTUALIDAD\.m2\repository\org\apache\httpcomponents\httpmime\4.5.14\httpmime-4.5.14.jar;C:\Users\VIRTUALIDAD\.m2\repository\org\htmlunit\htmlunit-core-js\3.9.0\htmlunit-core-js-3.9.0.jar;C:\Users\VIRTUALIDAD\.m2\repository\org\htmlunit\neko-htmlunit\3.9.0\neko-htmlunit-3.9.0.jar;C:\Users\VIRTUALIDAD\.m2\repository\org\htmlunit\htmlunit-cssparser\3.9.0\htmlunit-cssparser-3.9.0.jar;C:\Users\VIRTUALIDAD\.m2\repository\org\htmlunit\htmlunit-xpath\3.9.0\htmlunit-xpath-3.9.0.jar;C:\Users\VIRTUALIDAD\.m2\repository\org\htmlunit\htmlunit-csp\3.9.0\htmlunit-csp-3.9.0.jar;C:\Users\VIRTUALIDAD\.m2\repository\org\eclipse\jetty\websocket\websocket-client\9.4.53.v20231009\websocket-client-9.4.53.v20231009.jar;C:\Users\VIRTUALIDAD\.m2\repository\org\eclipse\jetty\jetty-client\9.4.53.v20231009\jetty-client-9.4.53.v20231009.jar;C:\Users\VIRTUALIDAD\.m2\repository\org\eclipse\jetty\jetty-http\9.4.53.v20231009\jetty-http-9.4.53.v20231009.jar;C:\Users\VIRTUALIDAD\.m2\repository\org\eclipse\jetty\jetty-util\9.4.53.v20231009\jetty-util-9.4.53.v20231009.jar;C:\Users\VIRTUALIDAD\.m2\repository\org\eclipse\jetty\jetty-io\9.4.53.v20231009\jetty-io-9.4.53.v20231009.jar;C:\Users\VIRTUALIDAD\.m2\repository\org\eclipse\jetty\websocket\websocket-common\9.4.53.v20231009\websocket-common-9.4.53.v20231009.jar;C:\Users\VIRTUALIDAD\.m2\repository\org\eclipse\jetty\websocket\websocket-api\9.4.53.v20231009\websocket-api-9.4.53.v20231009.jar;C:\Users\VIRTUALIDAD\.m2\repository\org\seleniumhq\selenium\htmlunit3-driver\4.15.0\htmlunit3-driver-4.15.0.jar;C:\Users\VIRTUALIDAD\.m2\repository\io\appium\java-client\9.0.0\java-client-9.0.0.jar;C:\Users\VIRTUALIDAD\.m2\repository\org\apache\groovy\groovy\4.0.13\groovy-4.0.13.jar;C:\Users\VIRTUALIDAD\.m2\repository\net\sf\opencsv\opencsv\2.1\opencsv-2.1.jar;C:\Users\VIRTUALIDAD\.m2\repository\org\apache\commons\commons-lang3\3.14.0\commons-lang3-3.14.0.jar;C:\Users\VIRTUALIDAD\.m2\repository\org\apache\commons\commons-compress\1.25.0\commons-compress-1.25.0.jar;C:\Users\VIRTUALIDAD\.m2\repository\org\fluentlenium\fluentlenium-core\0.10.2\fluentlenium-core-0.10.2.jar;C:\Users\VIRTUALIDAD\.m2\repository\com\jhlabs\filters\2.0.235\filters-2.0.235.jar;C:\Users\VIRTUALIDAD\.m2\repository\com\paulhammant\ngwebdriver\1.1.6\ngwebdriver-1.1.6.jar;C:\Users\VIRTUALIDAD\.m2\repository\joda-time\joda-time\2.12.5\joda-time-2.12.5.jar;C:\Users\VIRTUALIDAD\.m2\repository\org\hamcrest\hamcrest\2.2\hamcrest-2.2.jar;C:\Users\VIRTUALIDAD\.m2\repository\com\google\jimfs\jimfs\1.3.0\jimfs-1.3.0.jar;C:\Users\VIRTUALIDAD\.m2\repository\org\mockito\mockito-core\3.3.3\mockito-core-3.3.3.jar;C:\Users\VIRTUALIDAD\.m2\repository\org\assertj\assertj-core\3.24.2\assertj-core-3.24.2.jar;C:\Users\VIRTUALIDAD\.m2\repository\javax\xml\bind\jaxb-api\2.3.1\jaxb-api-2.3.1.jar;C:\Users\VIRTUALIDAD\.m2\repository\javax\activation\javax.activation-api\1.2.0\javax.activation-api-1.2.0.jar;C:\Users\VIRTUALIDAD\.m2\repository\com\sun\xml\bind\jaxb-core\2.3.0.1\jaxb-core-2.3.0.1.jar;C:\Users\VIRTUALIDAD\.m2\repository\com\sun\xml\bind\jaxb-impl\2.3.3\jaxb-impl-2.3.3.jar;C:\Users\VIRTUALIDAD\.m2\repository\jakarta\xml\bind\jakarta.xml.bind-api\2.3.3\jakarta.xml.bind-api-2.3.3.jar;C:\Users\VIRTUALIDAD\.m2\repository\com\sun\activation\jakarta.activation\1.2.2\jakarta.activation-1.2.2.jar;C:\Users\VIRTUALIDAD\.m2\repository\javax\activation\activation\1.1.1\activation-1.1.1.jar;C:\Users\VIRTUALIDAD\.m2\repository\net\serenity-bdd\serenity-screenplay\4.0.28\serenity-screenplay-4.0.28.jar;C:\Users\VIRTUALIDAD\.m2\repository\net\serenity-bdd\serenity-screenplay-webdriver\4.0.28\serenity-screenplay-webdriver-4.0.28.jar;C:\Users\VIRTUALIDAD\.m2\repository\net\serenity-bdd\serenity-cucumber\4.0.28\serenity-cucumber-4.0.28.jar;C:\Users\VIRTUALIDAD\.m2\repository\io\cucumber\cucumber-core\7.14.0\cucumber-core-7.14.0.jar;C:\Users\VIRTUALIDAD\.m2\repository\io\cucumber\cucumber-gherkin\7.14.0\cucumber-gherkin-7.14.0.jar;C:\Users\VIRTUALIDAD\.m2\repository\io\cucumber\cucumber-gherkin-messages\7.14.0\cucumber-gherkin-messages-7.14.0.jar;C:\Users\VIRTUALIDAD\.m2\repository\io\cucumber\gherkin\26.2.0\gherkin-26.2.0.jar;C:\Users\VIRTUALIDAD\.m2\repository\io\cucumber\messages\22.0.0\messages-22.0.0.jar;C:\Users\VIRTUALIDAD\.m2\repository\io\cucumber\tag-expressions\5.0.6\tag-expressions-5.0.6.jar;C:\Users\VIRTUALIDAD\.m2\repository\io\cucumber\cucumber-expressions\16.1.2\cucumber-expressions-16.1.2.jar;C:\Users\VIRTUALIDAD\.m2\repository\io\cucumber\datatable\7.14.0\datatable-7.14.0.jar;C:\Users\VIRTUALIDAD\.m2\repository\io\cucumber\cucumber-plugin\7.14.0\cucumber-plugin-7.14.0.jar;C:\Users\VIRTUALIDAD\.m2\repository\io\cucumber\docstring\7.14.0\docstring-7.14.0.jar;C:\Users\VIRTUALIDAD\.m2\repository\io\cucumber\html-formatter\20.4.0\html-formatter-20.4.0.jar;C:\Users\VIRTUALIDAD\.m2\repository\io\cucumber\junit-xml-formatter\0.2.0\junit-xml-formatter-0.2.0.jar;C:\Users\VIRTUALIDAD\.m2\repository\io\cucumber\ci-environment\9.2.0\ci-environment-9.2.0.jar;C:\Users\VIRTUALIDAD\.m2\repository\org\apache\commons\commons-csv\1.5\commons-csv-1.5.jar;C:\Users\VIRTUALIDAD\.m2\repository\junit\junit\4.13.2\junit-4.13.2.jar;C:\Users\VIRTUALIDAD\.m2\repository\org\hamcrest\hamcrest-core\1.3\hamcrest-core-1.3.jar;C:\Users\VIRTUALIDAD\.m2\repository\io\cucumber\cucumber-java\7.14.0\cucumber-java-7.14.0.jar;C:\Users\VIRTUALIDAD\.m2\repository\org\apiguardian\apiguardian-api\1.1.2\apiguardian-api-1.1.2.jar;C:\Users\VIRTUALIDAD\.m2\repository\io\cucumber\cucumber-junit\7.14.0\cucumber-junit-7.14.0.jar;C:\Users\VIRTUALIDAD\.m2\repository\io\github\bonigarcia\webdrivermanager\5.5.3\webdrivermanager-5.5.3.jar;C:\Users\VIRTUALIDAD\.m2\repository\org\slf4j\slf4j-api\2.0.7\slf4j-api-2.0.7.jar;C:\Users\VIRTUALIDAD\.m2\repository\com\github\docker-java\docker-java\3.3.3\docker-java-3.3.3.jar;C:\Users\VIRTUALIDAD\.m2\repository\com\github\docker-java\docker-java-core\3.3.3\docker-java-core-3.3.3.jar;C:\Users\VIRTUALIDAD\.m2\repository\com\github\docker-java\docker-java-api\3.3.3\docker-java-api-3.3.3.jar;C:\Users\VIRTUALIDAD\.m2\repository\org\bouncycastle\bcpkix-jdk18on\1.75\bcpkix-jdk18on-1.75.jar;C:\Users\VIRTUALIDAD\.m2\repository\org\bouncycastle\bcprov-jdk18on\1.75\bcprov-jdk18on-1.75.jar;C:\Users\VIRTUALIDAD\.m2\repository\org\bouncycastle\bcutil-jdk18on\1.75\bcutil-jdk18on-1.75.jar;C:\Users\VIRTUALIDAD\.m2\repository\org\slf4j\jcl-over-slf4j\1.7.30\jcl-over-slf4j-1.7.30.jar;C:\Users\VIRTUALIDAD\.m2\repository\com\github\docker-java\docker-java-transport-httpclient5\3.3.3\docker-java-transport-httpclient5-3.3.3.jar;C:\Users\VIRTUALIDAD\.m2\repository\com\github\docker-java\docker-java-transport\3.3.3\docker-java-transport-3.3.3.jar;C:\Users\VIRTUALIDAD\.m2\repository\net\java\dev\jna\jna\5.12.1\jna-5.12.1.jar;C:\Users\VIRTUALIDAD\.m2\repository\org\brotli\dec\0.1.2\dec-0.1.2.jar;C:\Users\VIRTUALIDAD\.m2\repository\org\apache\httpcomponents\client5\httpclient5\5.2.1\httpclient5-5.2.1.jar;C:\Users\VIRTUALIDAD\.m2\repository\org\apache\httpcomponents\core5\httpcore5\5.2\httpcore5-5.2.jar;C:\Users\VIRTUALIDAD\.m2\repository\org\apache\httpcomponents\core5\httpcore5-h2\5.2\httpcore5-h2-5.2.jar;C:\Users\VIRTUALIDAD\.m2\repository\org\seleniumhq\selenium\selenium-java\4.15.0\selenium-java-4.15.0.jar;C:\Users\VIRTUALIDAD\.m2\repository\org\seleniumhq\selenium\selenium-devtools-v117\4.15.0\selenium-devtools-v117-4.15.0.jar;C:\Users\VIRTUALIDAD\.m2\repository\org\seleniumhq\selenium\selenium-devtools-v118\4.15.0\selenium-devtools-v118-4.15.0.jar;C:\Users\VIRTUALIDAD\.m2\repository\org\seleniumhq\selenium\selenium-devtools-v119\4.15.0\selenium-devtools-v119-4.15.0.jar;C:\Users\VIRTUALIDAD\.m2\repository\org\seleniumhq\selenium\selenium-devtools-v85\4.15.0\selenium-devtools-v85-4.15.0.jar;C:\Users\VIRTUALIDAD\.m2\repository\org\seleniumhq\selenium\selenium-remote-driver\4.15.0\selenium-remote-driver-4.15.0.jar;C:\Users\VIRTUALIDAD\.m2\repository\io\opentelemetry\opentelemetry-api\1.28.0\opentelemetry-api-1.28.0.jar;C:\Users\VIRTUALIDAD\.m2\repository\io\opentelemetry\opentelemetry-context\1.28.0\opentelemetry-context-1.28.0.jar;C:\Users\VIRTUALIDAD\.m2\repository\io\opentelemetry\opentelemetry-exporter-logging\1.28.0\opentelemetry-exporter-logging-1.28.0.jar;C:\Users\VIRTUALIDAD\.m2\repository\io\opentelemetry\opentelemetry-sdk-metrics\1.28.0\opentelemetry-sdk-metrics-1.28.0.jar;C:\Users\VIRTUALIDAD\.m2\repository\io\opentelemetry\opentelemetry-extension-incubator\1.28.0-alpha\opentelemetry-extension-incubator-1.28.0-alpha.jar;C:\Users\VIRTUALIDAD\.m2\repository\io\opentelemetry\opentelemetry-sdk-logs\1.28.0\opentelemetry-sdk-logs-1.28.0.jar;C:\Users\VIRTUALIDAD\.m2\repository\io\opentelemetry\opentelemetry-sdk-common\1.28.0\opentelemetry-sdk-common-1.28.0.jar;C:\Users\VIRTUALIDAD\.m2\repository\io\opentelemetry\opentelemetry-sdk-extension-autoconfigure-spi\1.28.0\opentelemetry-sdk-extension-autoconfigure-spi-1.28.0.jar;C:\Users\VIRTUALIDAD\.m2\repository\io\opentelemetry\opentelemetry-sdk-extension-autoconfigure\1.28.0\opentelemetry-sdk-extension-autoconfigure-1.28.0.jar;C:\Users\VIRTUALIDAD\.m2\repository\io\opentelemetry\opentelemetry-api-events\1.28.0-alpha\opentelemetry-api-events-1.28.0-alpha.jar;C:\Users\VIRTUALIDAD\.m2\repository\io\opentelemetry\opentelemetry-sdk-trace\1.28.0\opentelemetry-sdk-trace-1.28.0.jar;C:\Users\VIRTUALIDAD\.m2\repository\io\opentelemetry\opentelemetry-sdk\1.28.0\opentelemetry-sdk-1.28.0.jar;C:\Users\VIRTUALIDAD\.m2\repository\io\opentelemetry\opentelemetry-semconv\1.28.0-alpha\opentelemetry-semconv-1.28.0-alpha.jar;C:\Users\VIRTUALIDAD\.m2\repository\org\seleniumhq\selenium\selenium-os\4.15.0\selenium-os-4.15.0.jar;C:\Users\VIRTUALIDAD\.m2\repository\org\apache\commons\commons-exec\1.3\commons-exec-1.3.jar;C:\Users\VIRTUALIDAD\.m2\repository\org\seleniumhq\selenium\selenium-safari-driver\4.15.0\selenium-safari-driver-4.15.0.jar;C:\Users\VIRTUALIDAD\.m2\repository\ch\qos\logback\logback-classic\1.4.11\logback-classic-1.4.11.jar;C:\Users\VIRTUALIDAD\.m2\repository\ch\qos\logback\logback-core\1.4.11\logback-core-1.4.11.jar;"/>
    <property name="sun.cpu.endian" value="little"/>
    <property name="user.home" value="C:\Users\VIRTUALIDAD"/>
    <property name="user.language" value="es"/>
    <property name="java.specification.vendor" value="Oracle Corporation"/>
    <property name="java.version.date" value="2025-01-21"/>
    <property name="java.home" value="C:\Program Files\Java\jdk-23"/>
    <property name="file.separator" value="\"/>
    <property name="basedir" value="C:\xampp\htdocs\Prueba_tecnicaSqa"/>
    <property name="java.vm.compressedOopsMode" value="Zero based"/>
    <property name="line.separator" value="&#10;"/>
    <property name="java.vm.specification.vendor" value="Oracle Corporation"/>
    <property name="java.specification.name" value="Java Platform API Specification"/>
    <property name="surefire.real.class.path" value="C:\Users\VIRTUALIDAD\AppData\Local\Temp\surefire10055646441606574831\surefirebooter-20251001135839032_3.jar"/>
    <property name="user.script" value=""/>
    <property name="sun.management.compiler" value="HotSpot 64-Bit Tiered Compilers"/>
    <property name="wdm.targetPath" value="target/drivers"/>
    <property name="wdm.cachePath" value="target/wdm-cache"/>
    <property name="java.runtime.version" value="23.0.2+7-58"/>
    <property name="user.name" value="Comunicadora.audio"/>
    <property name="stdout.encoding" value="Cp1252"/>
    <property name="path.separator" value=";"/>
    <property name="os.version" value="10.0"/>
    <property name="java.runtime.name" value="Java(TM) SE Runtime Environment"/>
    <property name="file.encoding" value="UTF-8"/>
    <property name="java.vm.name" value="Java HotSpot(TM) 64-Bit Server VM"/>
    <property name="localRepository" value="C:\Users\VIRTUALIDAD\.m2\repository"/>
    <property name="java.vendor.url.bug" value="https://bugreport.java.com/bugreport/"/>
    <property name="java.io.tmpdir" value="C:\Users\VIRTUA~1\AppData\Local\Temp\"/>
    <property name="java.version" value="23.0.2"/>
    <property name="user.dir" value="C:\xampp\htdocs\Prueba_tecnicaSqa"/>
    <property name="os.arch" value="amd64"/>
    <property name="java.vm.specification.name" value="Java Virtual Machine Specification"/>
    <property name="sun.os.patch.level" value=""/>
    <property name="headless" value=""/>
    <property name="native.encoding" value="Cp1252"/>
    <property name="java.library.path" value="C:\Program Files\Java\jdk-23\bin;C:\Windows\Sun\Java\bin;C:\Windows\system32;C:\Windows;C:\Program Files\Common Files\Oracle\Java\javapath;C:\Program Files (x86)\VMware\VMware Player\bin\;C:\Program Files (x86)\Common Files\Intel\Shared Libraries\redist\intel64\compiler;C:\Windows\system32;C:\Windows;C:\Windows\System32\Wbem;C:\Windows\System32\WindowsPowerShell\v1.0\;C:\Windows\System32\OpenSSH\;C:\Program Files\Git\cmd;C:\xampp\php;C:\ProgramData\ComposerSetup\bin;C:\maven\bin;C:\Program Files\Java\jdk-23\bin;C:\Program Files\nodejs\;C:\Program Files\PostgreSQL\16\bin;;c:\Users\VIRTUALIDAD\AppData\Local\Programs\cursor\resources\app\bin;C:\Program Files\Docker\Docker\resources\bin;C:\Users\VIRTUALIDAD\AppData\Local\Programs\Python\Python312\Scripts\;C:\Users\VIRTUALIDAD\AppData\Local\Programs\Python\Python312\;C:\Users\VIRTUALIDAD\AppData\Local\Programs\Python\Python313\Scripts\;C:\Users\VIRTUALIDAD\AppData\Local\Programs\Python\Python313\;C:\Users\VIRTUALIDAD\AppData\Local\Microsoft\WindowsApps;C:\Users\VIRTUALIDAD\AppData\Local\Programs\Microsoft VS Code\bin;C:\Users\VIRTUALIDAD\AppData\Local\GitHubDesktop\bin;C:\Users\VIRTUALIDAD\AppData\Roaming\Composer\vendor\bin;C:\Users\VIRTUALIDAD\AppData\Roaming\npm;C:\Users\VIRTUALIDAD\AppData\Local\Programs\cursor\resources\app\bin;C:\Program Files\JetBrains\IntelliJ IDEA Community Edition 2025.2.2\bin;."/>
    <property name="java.vm.info" value="mixed mode, sharing"/>
    <property name="stderr.encoding" value="Cp1252"/>
    <property name="java.vendor" value="Oracle Corporation"/>
    <property name="java.vm.version" value="23.0.2+7-58"/>
    <property name="sun.io.unicode.encoding" value="UnicodeLittle"/>
    <property name="java.class.version" value="67.0"/>
  </properties>
  <testcase name="Navegar al mes siguiente y seleccionar el día 10" classname="Selección de fechas en el Datepicker de jQuery UI" time="5.389">
    <system-out><![CDATA[13:58:42.125 [main] INFO  i.g.bonigarcia.wdm.WebDriverManager - Using chromedriver 140.0.7339.207 (resolved driver for Chrome 140)
13:58:42.187 [main] INFO  i.g.bonigarcia.wdm.online.Downloader - Downloading https://edgedl.me.gvt1.com/edgedl/chrome/chrome-for-testing/140.0.7339.207/win64/chromedriver-win64.zip
13:58:44.426 [main] INFO  i.g.bonigarcia.wdm.online.Downloader - Extracting driver from compressed file chromedriver-win64.zip
13:58:44.589 [main] INFO  i.g.bonigarcia.wdm.WebDriverManager - Exporting webdriver.chrome.driver as C:\xampp\htdocs\Prueba_tecnicaSqa\target\wdm-cache\chromedriver\win64\140.0.7339.207\chromedriver.exe
13:58:44.643 [main] INFO   - &amp#27;[96m

-------------------------------------------------------------------------------------
     _______. _______ .______       _______ .__   __.  __  .___________.____    ____ 
    /       ||   ____||   _  \     |   ____||  \ |  | |  | |           |\   \  /   / 
   |   (----`|  |__   |  |_)  |    |  |__   |   \|  | |  | `---|  |----` \   \/   /  
    \   \    |   __|  |      /     |   __|  |  . `  | |  |     |  |       \_    _/   
.----)   |   |  |____ |  |\  \----.|  |____ |  |\   | |  |     |  |         |  |     
|_______/    |_______|| _| `._____||_______||__| \__| |__|     |__|         |__|    
                                                                                     
 News and tutorials at https://serenity-bdd.info                                     
 Documentation at https://serenity-bdd.github.io                                     
 Test Automation Training and Coaching: https://www.serenity-dojo.com                
 Commercial Support: https://www.serenity-dojo.com/serenity-bdd-enterprise-support   
 Join the Serenity Community on Gitter: https://gitter.im/serenity-bdd/serenity-core 
-------------------------------------------------------------------------------------
&amp#27;[0m
13:58:44.649 [main] INFO   - Test Suite Started: Selección de fechas en el Datepicker de jQuery UI
13:58:44.744 [main] INFO   - Test Suite Started: Selección de fechas en el Datepicker de jQuery UI

@datepicker @esc1 @seleccion_mes_siguiente
Escenario: Navegar al mes siguiente y seleccionar el día 10                &amp#27;[90m# src/test/resources/features/datepicker/seleccion_fecha.feature:12&amp#27;[0m
13:58:45.000 [main] INFO   - 
  _____   ___   ___   _____     ___   _____     _     ___   _____   ___   ___  
 |_   _| | __| / __| |_   _|   / __| |_   _|   /_\   | _ \ |_   _| | __| |   \ 
   | |   | _|  \__ \   | |     \__ \   | |    / _ \  |   /   | |   | _|  | |) |
   |_|   |___| |___/   |_|     |___/   |_|   /_/ \_\ |_|_\   |_|   |___| |___/ 

Navegar al mes siguiente y seleccionar el día 10(selección-de-fechas-en-el-datepicker-de-jquery-ui;navegar-al-mes-siguiente-y-seleccionar-el-día-10)
--------------------------------------------------------------------------------
13:58:45.168 [main] INFO   - &amp#27;[92m|-- Dado que el usuario abre la página del datepicker de jQuery UI&amp#27;[0m
13:58:45.484 [main] INFO   - &amp#27;[92m|---- Usuario abrir la pagina&amp#27;[0m
13:58:45.504 [main] INFO   - &amp#27;[92m|------ Usuario opens the browser at https://jqueryui.com/datepicker/&amp#27;[0m
13:58:45.588 [main] INFO  n.s.c.w.d.ChromeDriverProvider - Starting Chrome driver instance with capabilities:
13:58:45.590 [main] INFO  n.s.c.w.d.ChromeDriverProvider - Capabilities {acceptInsecureCerts: false, browserName: chrome, goog:chromeOptions: {args: [--no-sandbox,--ignore-certi...], extensions: []}}
13:58:48.552 [main] INFO   - &amp#27;[92m|---- Usuario cambiar al iframe&amp#27;[0m
✅ IFRAME ENCONTRADO: Cambiando al iframe del demo con clase 'demo-frame'
✅ CAMBIO EXITOSO: Ahora estamos dentro del iframe del datepicker
  &amp#27;[32mDado &amp#27;[0m&amp#27;[32mque el usuario abre la página del datepicker de jQuery UI&amp#27;[0m           &amp#27;[90m# co.sqasa.stepdefinitions.DatepickerStepDefinitions.queElUsuarioAbreLaPaginaDelDatepicker()&amp#27;[0m
13:58:48.639 [main] INFO   - &amp#27;[92m|-- Cuando navega al mes siguiente en el calendario&amp#27;[0m
13:58:48.651 [main] INFO   - &amp#27;[92m|---- Usuario ir al mes siguiente&amp#27;[0m
13:58:48.715 [main] INFO   - &amp#27;[92m|------ Usuario clicks on campo de entrada del datepicker&amp#27;[0m
13:58:49.062 [main] INFO   - &amp#27;[92m|------ Usuario clicks on botón del mes siguiente&amp#27;[0m
  &amp#27;[32mCuando &amp#27;[0m&amp#27;[32mnavega al mes siguiente en el calendario&amp#27;[0m                          &amp#27;[90m# co.sqasa.stepdefinitions.DatepickerStepDefinitions.navegaAlMesSiguienteEnElCalendario()&amp#27;[0m
13:58:49.225 [main] INFO   - &amp#27;[92m|-- Y selecciona el día 10 del mes siguiente&amp#27;[0m
13:58:49.238 [main] INFO   - &amp#27;[92m|---- Usuario seleccionar dia&amp#27;[0m
13:58:49.243 [main] INFO   - &amp#27;[92m|------ Usuario clicks on campo de entrada del datepicker&amp#27;[0m
13:58:49.544 [main] INFO   - &amp#27;[92m|------ Usuario clicks on día 10 en el calendario&amp#27;[0m
  &amp#27;[32mY &amp#27;[0m&amp#27;[32mselecciona el día &amp#27;[0m&amp#27;[32m&amp#27;[1m10&amp#27;[0m&amp#27;[32m del mes siguiente&amp#27;[0m                                 &amp#27;[90m# co.sqasa.stepdefinitions.DatepickerStepDefinitions.seleccionaElDiaDelMesSiguiente(int)&amp#27;[0m
13:58:49.740 [main] INFO   - &amp#27;[92m|-- Entonces la fecha mostrada debe corresponder al día 10 del mes siguiente&amp#27;[0m
13:58:49.857 [main] INFO   - &amp#27;[92m|---- Then La fecha corresponde al d&iacute;a 10 del mes siguiente should be '11/10/2025'&amp#27;[0m
  &amp#27;[32mEntonces &amp#27;[0m&amp#27;[32mla fecha mostrada debe corresponder al día &amp#27;[0m&amp#27;[32m&amp#27;[1m10&amp#27;[0m&amp#27;[32m del mes siguiente&amp#27;[0m &amp#27;[90m# co.sqasa.stepdefinitions.DatepickerStepDefinitions.laFechaMostradaDebeCorresponderAlDiaDelMesSiguiente(int)&amp#27;[0m
13:58:49.920 [main] INFO   - &amp#27;[92m
  _____   ___   ___   _____     ___     _     ___   ___   ___   ___  
 |_   _| | __| / __| |_   _|   | _ \   /_\   / __| / __| | __| |   \ 
   | |   | _|  \__ \   | |     |  _/  / _ \  \__ \ \__ \ | _|  | |) |
   |_|   |___| |___/   |_|     |_|   /_/ \_\ |___/ |___/ |___| |___/ 

Navegar al mes siguiente y seleccionar el día 10
----------------------------------------------------------------------&amp#27;[0m
]]></system-out>
    <system-err><![CDATA[oct 01, 2025 1:58:47 P. M. org.openqa.selenium.devtools.CdpVersionFinder findNearestMatch
WARNING: Unable to find CDP implementation matching 140
oct 01, 2025 1:58:47 P. M. org.openqa.selenium.chromium.ChromiumDriver lambda$new$5
WARNING: Unable to find version of CDP to use for 140.0.7339.208. You may need to include a dependency on a specific version of the CDP using something similar to `org.seleniumhq.selenium:selenium-devtools-v86:4.15.0` where the version ("v86") matches the version of the chromium-based browser you're using and the version number of the artifact is the same as Selenium's.
]]></system-err>
  </testcase>
  <testcase name="Seleccionar el día 15 del mes actual y validar la fecha" classname="Selección de fechas en el Datepicker de jQuery UI" time="2.591">
    <system-out><![CDATA[
@datepicker @esc2 @seleccion_dia_actual
Escenario: Seleccionar el día 15 del mes actual y validar la fecha      &amp#27;[90m# src/test/resources/features/datepicker/seleccion_fecha.feature:18&amp#27;[0m
13:58:50.143 [main] INFO   - 
  _____   ___   ___   _____     ___   _____     _     ___   _____   ___   ___  
 |_   _| | __| / __| |_   _|   / __| |_   _|   /_\   | _ \ |_   _| | __| |   \ 
   | |   | _|  \__ \   | |     \__ \   | |    / _ \  |   /   | |   | _|  | |) |
   |_|   |___| |___/   |_|     |___/   |_|   /_/ \_\ |_|_\   |_|   |___| |___/ 

Seleccionar el día 15 del mes actual y validar la fecha(selección-de-fechas-en-el-datepicker-de-jquery-ui;seleccionar-el-día-15-del-mes-actual-y-validar-la-fecha)
--------------------------------------------------------------------------------
13:58:50.157 [main] INFO   - &amp#27;[92m|-- Dado que el usuario abre la página del datepicker de jQuery UI&amp#27;[0m
13:58:50.162 [main] INFO   - &amp#27;[92m|---- Usuario abrir la pagina&amp#27;[0m
13:58:50.165 [main] INFO   - &amp#27;[92m|------ Usuario opens the browser at https://jqueryui.com/datepicker/&amp#27;[0m
13:58:50.199 [main] INFO  n.s.c.w.d.ChromeDriverProvider - Starting Chrome driver instance with capabilities:
13:58:50.199 [main] INFO  n.s.c.w.d.ChromeDriverProvider - Capabilities {acceptInsecureCerts: false, browserName: chrome, goog:chromeOptions: {args: [--no-sandbox,--ignore-certi...], extensions: []}}
13:58:51.977 [main] INFO   - &amp#27;[92m|---- Usuario cambiar al iframe&amp#27;[0m
✅ IFRAME ENCONTRADO: Cambiando al iframe del demo con clase 'demo-frame'
✅ CAMBIO EXITOSO: Ahora estamos dentro del iframe del datepicker
  &amp#27;[32mDado &amp#27;[0m&amp#27;[32mque el usuario abre la página del datepicker de jQuery UI&amp#27;[0m        &amp#27;[90m# co.sqasa.stepdefinitions.DatepickerStepDefinitions.queElUsuarioAbreLaPaginaDelDatepicker()&amp#27;[0m
13:58:52.034 [main] INFO   - &amp#27;[92m|-- Cuando selecciona el día 15 del mes actual desde el calendario&amp#27;[0m
13:58:52.036 [main] INFO   - &amp#27;[92m|---- Usuario seleccionar dia&amp#27;[0m
13:58:52.042 [main] INFO   - &amp#27;[92m|------ Usuario clicks on campo de entrada del datepicker&amp#27;[0m
13:58:52.338 [main] INFO   - &amp#27;[92m|------ Usuario clicks on día 15 en el calendario&amp#27;[0m
  &amp#27;[32mCuando &amp#27;[0m&amp#27;[32mselecciona el día &amp#27;[0m&amp#27;[32m&amp#27;[1m15&amp#27;[0m&amp#27;[32m del mes actual desde el calendario&amp#27;[0m        &amp#27;[90m# co.sqasa.stepdefinitions.DatepickerStepDefinitions.seleccionaElDiaDelMesActual(int)&amp#27;[0m
13:58:52.518 [main] INFO   - &amp#27;[92m|-- Entonces la fecha mostrada debe corresponder al día 15 del mes actual&amp#27;[0m
13:58:52.520 [main] INFO   - &amp#27;[92m|---- Then La fecha corresponde al d&iacute;a 15 del mes actual should be '10/15/2025'&amp#27;[0m
  &amp#27;[32mEntonces &amp#27;[0m&amp#27;[32mla fecha mostrada debe corresponder al día &amp#27;[0m&amp#27;[32m&amp#27;[1m15&amp#27;[0m&amp#27;[32m del mes actual&amp#27;[0m &amp#27;[90m# co.sqasa.stepdefinitions.DatepickerStepDefinitions.laFechaMostradaDebeCorresponderAlDiaDelMesActual(int)&amp#27;[0m
13:58:52.567 [main] INFO   - &amp#27;[92m
  _____   ___   ___   _____     ___     _     ___   ___   ___   ___  
 |_   _| | __| / __| |_   _|   | _ \   /_\   / __| / __| | __| |   \ 
   | |   | _|  \__ \   | |     |  _/  / _ \  \__ \ \__ \ | _|  | |) |
   |_|   |___| |___/   |_|     |_|   /_/ \_\ |___/ |___/ |___| |___/ 

Seleccionar el día 15 del mes actual y validar la fecha
----------------------------------------------------------------------&amp#27;[0m
]]></system-out>
    <system-err><![CDATA[oct 01, 2025 1:58:50 P. M. org.openqa.selenium.devtools.CdpVersionFinder findNearestMatch
WARNING: Unable to find CDP implementation matching 140
oct 01, 2025 1:58:50 P. M. org.openqa.selenium.chromium.ChromiumDriver lambda$new$5
WARNING: Unable to find version of CDP to use for 140.0.7339.208. You may need to include a dependency on a specific version of the CDP using something similar to `org.seleniumhq.selenium:selenium-devtools-v86:4.15.0` where the version ("v86") matches the version of the chromium-based browser you're using and the version number of the artifact is the same as Selenium's.
]]></system-err>
  </testcase>
  <testcase name="Validar que el campo no permite edición manual" classname="Selección de fechas en el Datepicker de jQuery UI" time="2.502">
    <system-out><![CDATA[
@datepicker @esc3 @validacion_readonly
Escenario: Validar que el campo no permite edición manual               &amp#27;[90m# src/test/resources/features/datepicker/seleccion_fecha.feature:23&amp#27;[0m
13:58:52.743 [main] INFO   - 
  _____   ___   ___   _____     ___   _____     _     ___   _____   ___   ___  
 |_   _| | __| / __| |_   _|   / __| |_   _|   /_\   | _ \ |_   _| | __| |   \ 
   | |   | _|  \__ \   | |     \__ \   | |    / _ \  |   /   | |   | _|  | |) |
   |_|   |___| |___/   |_|     |___/   |_|   /_/ \_\ |_|_\   |_|   |___| |___/ 

Validar que el campo no permite edición manual(selección-de-fechas-en-el-datepicker-de-jquery-ui;validar-que-el-campo-no-permite-edición-manual)
--------------------------------------------------------------------------------
13:58:52.769 [main] INFO   - &amp#27;[92m|-- Dado que el usuario abre la página del datepicker de jQuery UI&amp#27;[0m
13:58:52.775 [main] INFO   - &amp#27;[92m|---- Usuario abrir la pagina&amp#27;[0m
13:58:52.779 [main] INFO   - &amp#27;[92m|------ Usuario opens the browser at https://jqueryui.com/datepicker/&amp#27;[0m
13:58:52.837 [main] INFO  n.s.c.w.d.ChromeDriverProvider - Starting Chrome driver instance with capabilities:
13:58:52.837 [main] INFO  n.s.c.w.d.ChromeDriverProvider - Capabilities {acceptInsecureCerts: false, browserName: chrome, goog:chromeOptions: {args: [--no-sandbox,--ignore-certi...], extensions: []}}
13:58:54.567 [main] INFO   - &amp#27;[92m|---- Usuario cambiar al iframe&amp#27;[0m
✅ IFRAME ENCONTRADO: Cambiando al iframe del demo con clase 'demo-frame'
✅ CAMBIO EXITOSO: Ahora estamos dentro del iframe del datepicker
  &amp#27;[32mDado &amp#27;[0m&amp#27;[32mque el usuario abre la página del datepicker de jQuery UI&amp#27;[0m        &amp#27;[90m# co.sqasa.stepdefinitions.DatepickerStepDefinitions.queElUsuarioAbreLaPaginaDelDatepicker()&amp#27;[0m
13:58:54.617 [main] INFO   - &amp#27;[92m|-- Cuando intenta escribir manualmente "01/01/2000" en el campo de fecha&amp#27;[0m
13:58:54.626 [main] INFO   - &amp#27;[92m|---- Usuario escribir en input&amp#27;[0m
13:58:54.647 [main] INFO   - &amp#27;[92m|------ Usuario clears field campo de entrada del datepicker&amp#27;[0m
13:58:54.708 [main] INFO   - &amp#27;[92m|------ Usuario enters '01/01/2000' into campo de entrada del datepicker&amp#27;[0m
  &amp#27;[32mCuando &amp#27;[0m&amp#27;[32mintenta escribir manualmente &amp#27;[0m&amp#27;[32m&amp#27;[1m"01/01/2000"&amp#27;[0m&amp#27;[32m en el campo de fecha&amp#27;[0m &amp#27;[90m# co.sqasa.stepdefinitions.DatepickerStepDefinitions.intentaEscribirManualmente(java.lang.String)&amp#27;[0m
13:58:54.866 [main] INFO   - &amp#27;[92m|-- Entonces el campo debe mantener su comportamiento de solo lectura&amp#27;[0m
13:58:54.925 [main] INFO   - &amp#27;[92m|---- Then El campo tiene atributo readonly should be not null&amp#27;[0m
  &amp#27;[32mEntonces &amp#27;[0m&amp#27;[32mel campo debe mantener su comportamiento de solo lectura&amp#27;[0m     &amp#27;[90m# co.sqasa.stepdefinitions.DatepickerStepDefinitions.elCampoDebeMantenerSuComportamientoDeSoloLectura()&amp#27;[0m
13:58:54.972 [main] INFO   - &amp#27;[92m|-- Y no debe permitir la edición directa del texto&amp#27;[0m
ADVERTENCIA: El campo permitió escritura directa.
En un entorno de producción, esto debería ser validado con el equipo de desarrollo.
13:58:55.018 [main] INFO   - &amp#27;[92m|---- Then El campo mantiene un formato de fecha v&aacute;lido should be a string matching the pattern '\d{2}/\d{2}/\d{4}'&amp#27;[0m
  &amp#27;[32mY &amp#27;[0m&amp#27;[32mno debe permitir la edición directa del texto&amp#27;[0m                       &amp#27;[90m# co.sqasa.stepdefinitions.DatepickerStepDefinitions.noDebePermitirLaEdicionDirectaDelTexto()&amp#27;[0m
13:58:55.071 [main] INFO   - &amp#27;[92m
  _____   ___   ___   _____     ___     _     ___   ___   ___   ___  
 |_   _| | __| / __| |_   _|   | _ \   /_\   / __| / __| | __| |   \ 
   | |   | _|  \__ \   | |     |  _/  / _ \  \__ \ \__ \ | _|  | |) |
   |_|   |___| |___/   |_|     |_|   /_/ \_\ |___/ |___/ |___| |___/ 

Validar que el campo no permite edición manual
----------------------------------------------------------------------&amp#27;[0m
]]></system-out>
    <system-err><![CDATA[oct 01, 2025 1:58:53 P. M. org.openqa.selenium.devtools.CdpVersionFinder findNearestMatch
WARNING: Unable to find CDP implementation matching 140
oct 01, 2025 1:58:53 P. M. org.openqa.selenium.chromium.ChromiumDriver lambda$new$5
WARNING: Unable to find version of CDP to use for 140.0.7339.208. You may need to include a dependency on a specific version of the CDP using something similar to `org.seleniumhq.selenium:selenium-devtools-v86:4.15.0` where the version ("v86") matches the version of the chromium-based browser you're using and the version number of the artifact is the same as Selenium's.
]]></system-err>
  </testcase>
</testsuite>